# JRE version: OpenJDK Runtime Environment (8.0_242-b01) (build 1.8.0_242-release-1644-b01)
# Java VM: OpenJDK 64-Bit Server VM (25.242-b01 mixed mode windows-amd64 compressed oops)
Heap:
 PSYoungGen      total 168960K, used 157696K [0x00000000d5580000, 0x00000000e0880000, 0x0000000100000000)
  eden space 157696K, 100% used [0x00000000d5580000,0x00000000def80000,0x00000000def80000)
  from space 11264K, 0% used [0x00000000dfd80000,0x00000000dfd80000,0x00000000e0880000)
  to   space 12800K, 7% used [0x00000000def80000,0x00000000df070000,0x00000000dfc00000)
 ParOldGen       total 98304K, used 13849K [0x0000000080000000, 0x0000000086000000, 0x00000000d5580000)
  object space 98304K, 14% used [0x0000000080000000,0x0000000080d86670,0x0000000086000000)
 Metaspace       used 40619K, capacity 42592K, committed 42712K, reserved 1085440K
  class space    used 5589K, capacity 6024K, committed 6104K, reserved 1048576K
GC Heap History (10 events):
Event: 13.792 GC heap before
{Heap before GC invocations=6 (full 1):
 PSYoungGen      total 57344K, used 7017K [0x00000000d5580000, 0x00000000dcb80000, 0x0000000100000000)
  eden space 49152K, 0% used [0x00000000d5580000,0x00000000d5580000,0x00000000d8580000)
  from space 8192K, 85% used [0x00000000d8580000,0x00000000d8c5a508,0x00000000d8d80000)
  to   space 11264K, 0% used [0x00000000dc080000,0x00000000dc080000,0x00000000dcb80000)
 ParOldGen       total 131072K, used 2798K [0x0000000080000000, 0x0000000088000000, 0x00000000d5580000)
  object space 131072K, 2% used [0x0000000080000000,0x00000000802bbba0,0x0000000088000000)
 Metaspace       used 20486K, capacity 21146K, committed 21248K, reserved 1067008K
  class space    used 2854K, capacity 3033K, committed 3072K, reserved 1048576K
Event: 13.866 GC heap after
Heap after GC invocations=6 (full 1):
 PSYoungGen      total 57344K, used 0K [0x00000000d5580000, 0x00000000dcb80000, 0x0000000100000000)
  eden space 49152K, 0% used [0x00000000d5580000,0x00000000d5580000,0x00000000d8580000)
  from space 8192K, 0% used [0x00000000d8580000,0x00000000d8580000,0x00000000d8d80000)
  to   space 11264K, 0% used [0x00000000dc080000,0x00000000dc080000,0x00000000dcb80000)
 ParOldGen       total 67072K, used 7425K [0x0000000080000000, 0x0000000084180000, 0x00000000d5580000)
  object space 67072K, 11% used [0x0000000080000000,0x00000000807406c8,0x0000000084180000)
 Metaspace       used 20486K, capacity 21146K, committed 21248K, reserved 1067008K
  class space    used 2854K, capacity 3033K, committed 3072K, reserved 1048576K
}
Event: 16.622 GC heap before
{Heap before GC invocations=7 (full 1):
 PSYoungGen      total 57344K, used 49152K [0x00000000d5580000, 0x00000000dcb80000, 0x0000000100000000)
  eden space 49152K, 100% used [0x00000000d5580000,0x00000000d8580000,0x00000000d8580000)
  from space 8192K, 0% used [0x00000000d8580000,0x00000000d8580000,0x00000000d8d80000)
  to   space 11264K, 0% used [0x00000000dc080000,0x00000000dc080000,0x00000000dcb80000)
 ParOldGen       total 67072K, used 7425K [0x0000000080000000, 0x0000000084180000, 0x00000000d5580000)
  object space 67072K, 11% used [0x0000000080000000,0x00000000807406c8,0x0000000084180000)
 Metaspace       used 23217K, capacity 24250K, committed 24576K, reserved 1071104K
  class space    used 3293K, capacity 3557K, committed 3584K, reserved 1048576K
Event: 16.645 GC heap after
Heap after GC invocations=7 (full 1):
 PSYoungGen      total 93184K, used 3846K [0x00000000d5580000, 0x00000000dc480000, 0x0000000100000000)
  eden space 89088K, 0% used [0x00000000d5580000,0x00000000d5580000,0x00000000dac80000)
  from space 4096K, 93% used [0x00000000dc080000,0x00000000dc441838,0x00000000dc480000)
  to   space 11776K, 0% used [0x00000000dad80000,0x00000000dad80000,0x00000000db900000)
 ParOldGen       total 67072K, used 7425K [0x0000000080000000, 0x0000000084180000, 0x00000000d5580000)
  object space 67072K, 11% used [0x0000000080000000,0x00000000807406c8,0x0000000084180000)
 Metaspace       used 23217K, capacity 24250K, committed 24576K, reserved 1071104K
  class space    used 3293K, capacity 3557K, committed 3584K, reserved 1048576K
}
Event: 22.071 GC heap before
{Heap before GC invocations=8 (full 1):
 PSYoungGen      total 93184K, used 92934K [0x00000000d5580000, 0x00000000dc480000, 0x0000000100000000)
  eden space 89088K, 100% used [0x00000000d5580000,0x00000000dac80000,0x00000000dac80000)
  from space 4096K, 93% used [0x00000000dc080000,0x00000000dc441838,0x00000000dc480000)
  to   space 11776K, 0% used [0x00000000dad80000,0x00000000dad80000,0x00000000db900000)
 ParOldGen       total 67072K, used 7425K [0x0000000080000000, 0x0000000084180000, 0x00000000d5580000)
  object space 67072K, 11% used [0x0000000080000000,0x00000000807406c8,0x0000000084180000)
 Metaspace       used 32997K, capacity 34174K, committed 34304K, reserved 1079296K
  class space    used 4479K, capacity 4786K, committed 4864K, reserved 1048576K
Event: 22.115 GC heap after
Heap after GC invocations=8 (full 1):
 PSYoungGen      total 101888K, used 11449K [0x00000000d5580000, 0x00000000e0a80000, 0x0000000100000000)
  eden space 90112K, 0% used [0x00000000d5580000,0x00000000d5580000,0x00000000dad80000)
  from space 11776K, 97% used [0x00000000dad80000,0x00000000db8ae4f0,0x00000000db900000)
  to   space 13312K, 0% used [0x00000000dfd80000,0x00000000dfd80000,0x00000000e0a80000)
 ParOldGen       total 67072K, used 7433K [0x0000000080000000, 0x0000000084180000, 0x00000000d5580000)
  object space 67072K, 11% used [0x0000000080000000,0x00000000807426c8,0x0000000084180000)
 Metaspace       used 32997K, capacity 34174K, committed 34304K, reserved 1079296K
  class space    used 4479K, capacity 4786K, committed 4864K, reserved 1048576K
}
Event: 24.482 GC heap before
{Heap before GC invocations=9 (full 1):
 PSYoungGen      total 101888K, used 35252K [0x00000000d5580000, 0x00000000e0a80000, 0x0000000100000000)
  eden space 90112K, 26% used [0x00000000d5580000,0x00000000d6cbeca0,0x00000000dad80000)
  from space 11776K, 97% used [0x00000000dad80000,0x00000000db8ae4f0,0x00000000db900000)
  to   space 13312K, 0% used [0x00000000dfd80000,0x00000000dfd80000,0x00000000e0a80000)
 ParOldGen       total 67072K, used 7433K [0x0000000080000000, 0x0000000084180000, 0x00000000d5580000)
  object space 67072K, 11% used [0x0000000080000000,0x00000000807426c8,0x0000000084180000)
 Metaspace       used 33998K, capacity 35338K, committed 35416K, reserved 1079296K
  class space    used 4592K, capacity 4910K, committed 4952K, reserved 1048576K
Event: 24.494 GC heap after
Heap after GC invocations=9 (full 1):
 PSYoungGen      total 168960K, used 7693K [0x00000000d5580000, 0x00000000e0880000, 0x0000000100000000)
  eden space 157696K, 0% used [0x00000000d5580000,0x00000000d5580000,0x00000000def80000)
  from space 11264K, 68% used [0x00000000dfd80000,0x00000000e05035d0,0x00000000e0880000)
  to   space 12800K, 0% used [0x00000000def80000,0x00000000def80000,0x00000000dfc00000)
 ParOldGen       total 67072K, used 7441K [0x0000000080000000, 0x0000000084180000, 0x00000000d5580000)
  object space 67072K, 11% used [0x0000000080000000,0x00000000807446c8,0x0000000084180000)
 Metaspace       used 33998K, capacity 35338K, committed 35416K, reserved 1079296K
  class space    used 4592K, capacity 4910K, committed 4952K, reserved 1048576K
}
Event: 24.494 GC heap before
{Heap before GC invocations=10 (full 2):
 PSYoungGen      total 168960K, used 7693K [0x00000000d5580000, 0x00000000e0880000, 0x0000000100000000)
  eden space 157696K, 0% used [0x00000000d5580000,0x00000000d5580000,0x00000000def80000)
  from space 11264K, 68% used [0x00000000dfd80000,0x00000000e05035d0,0x00000000e0880000)
  to   space 12800K, 0% used [0x00000000def80000,0x00000000def80000,0x00000000dfc00000)
 ParOldGen       total 67072K, used 7441K [0x0000000080000000, 0x0000000084180000, 0x00000000d5580000)
  object space 67072K, 11% used [0x0000000080000000,0x00000000807446c8,0x0000000084180000)
 Metaspace       used 33998K, capacity 35338K, committed 35416K, reserved 1079296K
  class space    used 4592K, capacity 4910K, committed 4952K, reserved 1048576K
Event: 24.692 GC heap after
Heap after GC invocations=10 (full 2):
 PSYoungGen      total 168960K, used 0K [0x00000000d5580000, 0x00000000e0880000, 0x0000000100000000)
  eden space 157696K, 0% used [0x00000000d5580000,0x00000000d5580000,0x00000000def80000)
  from space 11264K, 0% used [0x00000000dfd80000,0x00000000dfd80000,0x00000000e0880000)
  to   space 12800K, 0% used [0x00000000def80000,0x00000000def80000,0x00000000dfc00000)
 ParOldGen       total 98304K, used 13849K [0x0000000080000000, 0x0000000086000000, 0x00000000d5580000)
  object space 98304K, 14% used [0x0000000080000000,0x0000000080d86670,0x0000000086000000)
 Metaspace       used 33998K, capacity 35338K, committed 35416K, reserved 1079296K
  class space    used 4592K, capacity 4910K, committed 4952K, reserved 1048576K
}

