# JRE version: OpenJDK Runtime Environment (8.0_242-b01) (build 1.8.0_242-release-1644-b01)
# Java VM: OpenJDK 64-Bit Server VM (25.242-b01 mixed mode windows-amd64 compressed oops)
Heap:
 PSYoungGen      total 227840K, used 136619K [0x00000000d5580000, 0x00000000e5c00000, 0x0000000100000000)
  eden space 197120K, 64% used [0x00000000d5580000,0x00000000dd141588,0x00000000e1600000)
  from space 30720K, 32% used [0x00000000e3e00000,0x00000000e47a9680,0x00000000e5c00000)
  to   space 35840K, 0% used [0x00000000e1600000,0x00000000e1600000,0x00000000e3900000)
 ParOldGen       total 235520K, used 93220K [0x0000000080000000, 0x000000008e600000, 0x00000000d5580000)
  object space 235520K, 39% used [0x0000000080000000,0x0000000085b09398,0x000000008e600000)
 Metaspace       used 113886K, capacity 122770K, committed 123032K, reserved 1157120K
  class space    used 14515K, capacity 16041K, committed 16048K, reserved 1048576K
GC Heap History (10 events):
Event: 24693.559 GC heap before
{Heap before GC invocations=44 (full 4):
 PSYoungGen      total 246784K, used 246730K [0x00000000d5580000, 0x00000000e7c80000, 0x0000000100000000)
  eden space 227328K, 100% used [0x00000000d5580000,0x00000000e3380000,0x00000000e3380000)
  from space 19456K, 99% used [0x00000000e3a00000,0x00000000e4cf29c8,0x00000000e4d00000)
  to   space 37376K, 0% used [0x00000000e5800000,0x00000000e5800000,0x00000000e7c80000)
 ParOldGen       total 235520K, used 81015K [0x0000000080000000, 0x000000008e600000, 0x00000000d5580000)
  object space 235520K, 34% used [0x0000000080000000,0x0000000084f1df90,0x000000008e600000)
 Metaspace       used 113704K, capacity 122558K, committed 122776K, reserved 1157120K
  class space    used 14514K, capacity 16041K, committed 16048K, reserved 1048576K
Event: 24693.603 GC heap after
Heap after GC invocations=44 (full 4):
 PSYoungGen      total 250368K, used 16724K [0x00000000d5580000, 0x00000000e7500000, 0x0000000100000000)
  eden space 220672K, 0% used [0x00000000d5580000,0x00000000d5580000,0x00000000e2d00000)
  from space 29696K, 56% used [0x00000000e5800000,0x00000000e6855218,0x00000000e7500000)
  to   space 36864K, 0% used [0x00000000e2d00000,0x00000000e2d00000,0x00000000e5100000)
 ParOldGen       total 235520K, used 81119K [0x0000000080000000, 0x000000008e600000, 0x00000000d5580000)
  object space 235520K, 34% used [0x0000000080000000,0x0000000084f37f90,0x000000008e600000)
 Metaspace       used 113704K, capacity 122558K, committed 122776K, reserved 1157120K
  class space    used 14514K, capacity 16041K, committed 16048K, reserved 1048576K
}
Event: 25182.645 GC heap before
{Heap before GC invocations=45 (full 4):
 PSYoungGen      total 250368K, used 237389K [0x00000000d5580000, 0x00000000e7500000, 0x0000000100000000)
  eden space 220672K, 99% used [0x00000000d5580000,0x00000000e2cfe470,0x00000000e2d00000)
  from space 29696K, 56% used [0x00000000e5800000,0x00000000e6855218,0x00000000e7500000)
  to   space 36864K, 0% used [0x00000000e2d00000,0x00000000e2d00000,0x00000000e5100000)
 ParOldGen       total 235520K, used 81119K [0x0000000080000000, 0x000000008e600000, 0x00000000d5580000)
  object space 235520K, 34% used [0x0000000080000000,0x0000000084f37f90,0x000000008e600000)
 Metaspace       used 113722K, capacity 122558K, committed 122776K, reserved 1157120K
  class space    used 14515K, capacity 16041K, committed 16048K, reserved 1048576K
Event: 25182.754 GC heap after
Heap after GC invocations=45 (full 4):
 PSYoungGen      total 231936K, used 17204K [0x00000000d5580000, 0x00000000e6e00000, 0x0000000100000000)
  eden space 214528K, 0% used [0x00000000d5580000,0x00000000d5580000,0x00000000e2700000)
  from space 17408K, 98% used [0x00000000e2d00000,0x00000000e3dcd218,0x00000000e3e00000)
  to   space 36352K, 0% used [0x00000000e4a80000,0x00000000e4a80000,0x00000000e6e00000)
 ParOldGen       total 235520K, used 81151K [0x0000000080000000, 0x000000008e600000, 0x00000000d5580000)
  object space 235520K, 34% used [0x0000000080000000,0x0000000084f3ff90,0x000000008e600000)
 Metaspace       used 113722K, capacity 122558K, committed 122776K, reserved 1157120K
  class space    used 14515K, capacity 16041K, committed 16048K, reserved 1048576K
}
Event: 25210.105 GC heap before
{Heap before GC invocations=46 (full 4):
 PSYoungGen      total 231936K, used 231732K [0x00000000d5580000, 0x00000000e6e00000, 0x0000000100000000)
  eden space 214528K, 100% used [0x00000000d5580000,0x00000000e2700000,0x00000000e2700000)
  from space 17408K, 98% used [0x00000000e2d00000,0x00000000e3dcd218,0x00000000e3e00000)
  to   space 36352K, 0% used [0x00000000e4a80000,0x00000000e4a80000,0x00000000e6e00000)
 ParOldGen       total 235520K, used 81151K [0x0000000080000000, 0x000000008e600000, 0x00000000d5580000)
  object space 235520K, 34% used [0x0000000080000000,0x0000000084f3ff90,0x000000008e600000)
 Metaspace       used 113751K, capacity 122622K, committed 122776K, reserved 1157120K
  class space    used 14515K, capacity 16041K, committed 16048K, reserved 1048576K
Event: 25210.383 GC heap after
Heap after GC invocations=46 (full 4):
 PSYoungGen      total 239616K, used 12633K [0x00000000d5580000, 0x00000000e6900000, 0x0000000100000000)
  eden space 208384K, 0% used [0x00000000d5580000,0x00000000d5580000,0x00000000e2100000)
  from space 31232K, 40% used [0x00000000e4a80000,0x00000000e56d6550,0x00000000e6900000)
  to   space 36864K, 0% used [0x00000000e2100000,0x00000000e2100000,0x00000000e4500000)
 ParOldGen       total 235520K, used 87046K [0x0000000080000000, 0x000000008e600000, 0x00000000d5580000)
  object space 235520K, 36% used [0x0000000080000000,0x0000000085501be8,0x000000008e600000)
 Metaspace       used 113751K, capacity 122622K, committed 122776K, reserved 1157120K
  class space    used 14515K, capacity 16041K, committed 16048K, reserved 1048576K
}
Event: 25220.212 GC heap before
{Heap before GC invocations=47 (full 4):
 PSYoungGen      total 239616K, used 221017K [0x00000000d5580000, 0x00000000e6900000, 0x0000000100000000)
  eden space 208384K, 100% used [0x00000000d5580000,0x00000000e2100000,0x00000000e2100000)
  from space 31232K, 40% used [0x00000000e4a80000,0x00000000e56d6550,0x00000000e6900000)
  to   space 36864K, 0% used [0x00000000e2100000,0x00000000e2100000,0x00000000e4500000)
 ParOldGen       total 235520K, used 87046K [0x0000000080000000, 0x000000008e600000, 0x00000000d5580000)
  object space 235520K, 36% used [0x0000000080000000,0x0000000085501be8,0x000000008e600000)
 Metaspace       used 113783K, capacity 122622K, committed 122776K, reserved 1157120K
  class space    used 14515K, capacity 16041K, committed 16048K, reserved 1048576K
Event: 25220.377 GC heap after
Heap after GC invocations=47 (full 4):
 PSYoungGen      total 222208K, used 19372K [0x00000000d5580000, 0x00000000e6080000, 0x0000000100000000)
  eden space 202752K, 0% used [0x00000000d5580000,0x00000000d5580000,0x00000000e1b80000)
  from space 19456K, 99% used [0x00000000e2100000,0x00000000e33eb0e0,0x00000000e3400000)
  to   space 35328K, 0% used [0x00000000e3e00000,0x00000000e3e00000,0x00000000e6080000)
 ParOldGen       total 235520K, used 93084K [0x0000000080000000, 0x000000008e600000, 0x00000000d5580000)
  object space 235520K, 39% used [0x0000000080000000,0x0000000085ae7398,0x000000008e600000)
 Metaspace       used 113783K, capacity 122622K, committed 122776K, reserved 1157120K
  class space    used 14515K, capacity 16041K, committed 16048K, reserved 1048576K
}
Event: 26227.239 GC heap before
{Heap before GC invocations=48 (full 4):
 PSYoungGen      total 222208K, used 222124K [0x00000000d5580000, 0x00000000e6080000, 0x0000000100000000)
  eden space 202752K, 100% used [0x00000000d5580000,0x00000000e1b80000,0x00000000e1b80000)
  from space 19456K, 99% used [0x00000000e2100000,0x00000000e33eb0e0,0x00000000e3400000)
  to   space 35328K, 0% used [0x00000000e3e00000,0x00000000e3e00000,0x00000000e6080000)
 ParOldGen       total 235520K, used 93084K [0x0000000080000000, 0x000000008e600000, 0x00000000d5580000)
  object space 235520K, 39% used [0x0000000080000000,0x0000000085ae7398,0x000000008e600000)
 Metaspace       used 113855K, capacity 122762K, committed 122776K, reserved 1157120K
  class space    used 14515K, capacity 16041K, committed 16048K, reserved 1048576K
Event: 26227.272 GC heap after
Heap after GC invocations=48 (full 4):
 PSYoungGen      total 227840K, used 9893K [0x00000000d5580000, 0x00000000e5c00000, 0x0000000100000000)
  eden space 197120K, 0% used [0x00000000d5580000,0x00000000d5580000,0x00000000e1600000)
  from space 30720K, 32% used [0x00000000e3e00000,0x00000000e47a9680,0x00000000e5c00000)
  to   space 35840K, 0% used [0x00000000e1600000,0x00000000e1600000,0x00000000e3900000)
 ParOldGen       total 235520K, used 93220K [0x0000000080000000, 0x000000008e600000, 0x00000000d5580000)
  object space 235520K, 39% used [0x0000000080000000,0x0000000085b09398,0x000000008e600000)
 Metaspace       used 113855K, capacity 122762K, committed 122776K, reserved 1157120K
  class space    used 14515K, capacity 16041K, committed 16048K, reserved 1048576K
}

