# JRE version: OpenJDK Runtime Environment (8.0_242-b01) (build 1.8.0_242-release-1644-b01)
# Java VM: OpenJDK 64-Bit Server VM (25.242-b01 mixed mode windows-amd64 compressed oops)
Heap:
 PSYoungGen      total 230912K, used 214657K [0x00000000d5580000, 0x00000000e7800000, 0x0000000100000000)
  eden space 209920K, 93% used [0x00000000d5580000,0x00000000e14af750,0x00000000e2280000)
  from space 20992K, 89% used [0x00000000e2280000,0x00000000e34f0fe0,0x00000000e3700000)
  to   space 23040K, 0% used [0x00000000e6180000,0x00000000e6180000,0x00000000e7800000)
 ParOldGen       total 159232K, used 39960K [0x0000000080000000, 0x0000000089b80000, 0x00000000d5580000)
  object space 159232K, 25% used [0x0000000080000000,0x0000000082706288,0x0000000089b80000)
 Metaspace       used 79388K, capacity 83316K, committed 83544K, reserved 1122304K
  class space    used 10710K, capacity 11575K, committed 11648K, reserved 1048576K
GC Heap History (10 events):
Event: 15.498 GC heap before
{Heap before GC invocations=10 (full 2):
 PSYoungGen      total 182784K, used 8133K [0x00000000d5580000, 0x00000000e1580000, 0x0000000100000000)
  eden space 169984K, 0% used [0x00000000d5580000,0x00000000d5580000,0x00000000dfb80000)
  from space 12800K, 63% used [0x00000000e0900000,0x00000000e10f1638,0x00000000e1580000)
  to   space 13312K, 0% used [0x00000000dfb80000,0x00000000dfb80000,0x00000000e0880000)
 ParOldGen       total 64512K, used 7533K [0x0000000080000000, 0x0000000083f00000, 0x00000000d5580000)
  object space 64512K, 11% used [0x0000000080000000,0x000000008075b750,0x0000000083f00000)
 Metaspace       used 34035K, capacity 35366K, committed 35416K, reserved 1079296K
  class space    used 4600K, capacity 4943K, committed 4992K, reserved 1048576K
Event: 15.759 GC heap after
Heap after GC invocations=10 (full 2):
 PSYoungGen      total 182784K, used 0K [0x00000000d5580000, 0x00000000e1580000, 0x0000000100000000)
  eden space 169984K, 0% used [0x00000000d5580000,0x00000000d5580000,0x00000000dfb80000)
  from space 12800K, 0% used [0x00000000e0900000,0x00000000e0900000,0x00000000e1580000)
  to   space 13312K, 0% used [0x00000000dfb80000,0x00000000dfb80000,0x00000000e0880000)
 ParOldGen       total 98816K, used 14637K [0x0000000080000000, 0x0000000086080000, 0x00000000d5580000)
  object space 98816K, 14% used [0x0000000080000000,0x0000000080e4b638,0x0000000086080000)
 Metaspace       used 34035K, capacity 35366K, committed 35416K, reserved 1079296K
  class space    used 4600K, capacity 4943K, committed 4992K, reserved 1048576K
}
Event: 20.217 GC heap before
{Heap before GC invocations=11 (full 2):
 PSYoungGen      total 182784K, used 169984K [0x00000000d5580000, 0x00000000e1580000, 0x0000000100000000)
  eden space 169984K, 100% used [0x00000000d5580000,0x00000000dfb80000,0x00000000dfb80000)
  from space 12800K, 0% used [0x00000000e0900000,0x00000000e0900000,0x00000000e1580000)
  to   space 13312K, 0% used [0x00000000dfb80000,0x00000000dfb80000,0x00000000e0880000)
 ParOldGen       total 98816K, used 14637K [0x0000000080000000, 0x0000000086080000, 0x00000000d5580000)
  object space 98816K, 14% used [0x0000000080000000,0x0000000080e4b638,0x0000000086080000)
 Metaspace       used 41662K, capacity 43672K, committed 43864K, reserved 1087488K
  class space    used 5748K, capacity 6202K, committed 6272K, reserved 1048576K
Event: 20.239 GC heap after
Heap after GC invocations=11 (full 2):
 PSYoungGen      total 183296K, used 13307K [0x00000000d5580000, 0x00000000e4580000, 0x0000000100000000)
  eden space 169984K, 0% used [0x00000000d5580000,0x00000000d5580000,0x00000000dfb80000)
  from space 13312K, 99% used [0x00000000dfb80000,0x00000000e087ecd0,0x00000000e0880000)
  to   space 14848K, 0% used [0x00000000e3700000,0x00000000e3700000,0x00000000e4580000)
 ParOldGen       total 98816K, used 14669K [0x0000000080000000, 0x0000000086080000, 0x00000000d5580000)
  object space 98816K, 14% used [0x0000000080000000,0x0000000080e53638,0x0000000086080000)
 Metaspace       used 41662K, capacity 43672K, committed 43864K, reserved 1087488K
  class space    used 5748K, capacity 6202K, committed 6272K, reserved 1048576K
}
Event: 25.392 GC heap before
{Heap before GC invocations=12 (full 2):
 PSYoungGen      total 183296K, used 173027K [0x00000000d5580000, 0x00000000e4580000, 0x0000000100000000)
  eden space 169984K, 93% used [0x00000000d5580000,0x00000000df17a048,0x00000000dfb80000)
  from space 13312K, 99% used [0x00000000dfb80000,0x00000000e087ecd0,0x00000000e0880000)
  to   space 14848K, 0% used [0x00000000e3700000,0x00000000e3700000,0x00000000e4580000)
 ParOldGen       total 98816K, used 14669K [0x0000000080000000, 0x0000000086080000, 0x00000000d5580000)
  object space 98816K, 14% used [0x0000000080000000,0x0000000080e53638,0x0000000086080000)
 Metaspace       used 56398K, capacity 58898K, committed 58968K, reserved 1099776K
  class space    used 7693K, capacity 8264K, committed 8320K, reserved 1048576K
Event: 25.480 GC heap after
Heap after GC invocations=12 (full 2):
 PSYoungGen      total 224768K, used 14847K [0x00000000d5580000, 0x00000000e4f00000, 0x0000000100000000)
  eden space 209920K, 0% used [0x00000000d5580000,0x00000000d5580000,0x00000000e2280000)
  from space 14848K, 99% used [0x00000000e3700000,0x00000000e457fcd0,0x00000000e4580000)
  to   space 20992K, 0% used [0x00000000e2280000,0x00000000e2280000,0x00000000e3700000)
 ParOldGen       total 98816K, used 26551K [0x0000000080000000, 0x0000000086080000, 0x00000000d5580000)
  object space 98816K, 26% used [0x0000000080000000,0x00000000819edf18,0x0000000086080000)
 Metaspace       used 56398K, capacity 58898K, committed 58968K, reserved 1099776K
  class space    used 7693K, capacity 8264K, committed 8320K, reserved 1048576K
}
Event: 25.480 GC heap before
{Heap before GC invocations=13 (full 3):
 PSYoungGen      total 224768K, used 14847K [0x00000000d5580000, 0x00000000e4f00000, 0x0000000100000000)
  eden space 209920K, 0% used [0x00000000d5580000,0x00000000d5580000,0x00000000e2280000)
  from space 14848K, 99% used [0x00000000e3700000,0x00000000e457fcd0,0x00000000e4580000)
  to   space 20992K, 0% used [0x00000000e2280000,0x00000000e2280000,0x00000000e3700000)
 ParOldGen       total 98816K, used 26551K [0x0000000080000000, 0x0000000086080000, 0x00000000d5580000)
  object space 98816K, 26% used [0x0000000080000000,0x00000000819edf18,0x0000000086080000)
 Metaspace       used 56398K, capacity 58898K, committed 58968K, reserved 1099776K
  class space    used 7693K, capacity 8264K, committed 8320K, reserved 1048576K
Event: 26.076 GC heap after
Heap after GC invocations=13 (full 3):
 PSYoungGen      total 224768K, used 0K [0x00000000d5580000, 0x00000000e4f00000, 0x0000000100000000)
  eden space 209920K, 0% used [0x00000000d5580000,0x00000000d5580000,0x00000000e2280000)
  from space 14848K, 0% used [0x00000000e3700000,0x00000000e3700000,0x00000000e4580000)
  to   space 20992K, 0% used [0x00000000e2280000,0x00000000e2280000,0x00000000e3700000)
 ParOldGen       total 159232K, used 39952K [0x0000000080000000, 0x0000000089b80000, 0x00000000d5580000)
  object space 159232K, 25% used [0x0000000080000000,0x0000000082704288,0x0000000089b80000)
 Metaspace       used 56378K, capacity 58832K, committed 58968K, reserved 1099776K
  class space    used 7687K, capacity 8253K, committed 8320K, reserved 1048576K
}
Event: 33.138 GC heap before
{Heap before GC invocations=14 (full 3):
 PSYoungGen      total 224768K, used 209920K [0x00000000d5580000, 0x00000000e4f00000, 0x0000000100000000)
  eden space 209920K, 100% used [0x00000000d5580000,0x00000000e2280000,0x00000000e2280000)
  from space 14848K, 0% used [0x00000000e3700000,0x00000000e3700000,0x00000000e4580000)
  to   space 20992K, 0% used [0x00000000e2280000,0x00000000e2280000,0x00000000e3700000)
 ParOldGen       total 159232K, used 39952K [0x0000000080000000, 0x0000000089b80000, 0x00000000d5580000)
  object space 159232K, 25% used [0x0000000080000000,0x0000000082704288,0x0000000089b80000)
 Metaspace       used 68458K, capacity 71438K, committed 71640K, reserved 1110016K
  class space    used 9483K, capacity 10125K, committed 10240K, reserved 1048576K
Event: 33.206 GC heap after
Heap after GC invocations=14 (full 3):
 PSYoungGen      total 230912K, used 18883K [0x00000000d5580000, 0x00000000e7800000, 0x0000000100000000)
  eden space 209920K, 0% used [0x00000000d5580000,0x00000000d5580000,0x00000000e2280000)
  from space 20992K, 89% used [0x00000000e2280000,0x00000000e34f0fe0,0x00000000e3700000)
  to   space 23040K, 0% used [0x00000000e6180000,0x00000000e6180000,0x00000000e7800000)
 ParOldGen       total 159232K, used 39960K [0x0000000080000000, 0x0000000089b80000, 0x00000000d5580000)
  object space 159232K, 25% used [0x0000000080000000,0x0000000082706288,0x0000000089b80000)
 Metaspace       used 68458K, capacity 71438K, committed 71640K, reserved 1110016K
  class space    used 9483K, capacity 10125K, committed 10240K, reserved 1048576K
}

