# JRE version: OpenJDK Runtime Environment (8.0_242-b01) (build 1.8.0_242-release-1644-b01)
# Java VM: OpenJDK 64-Bit Server VM (25.242-b01 mixed mode windows-amd64 compressed oops)
Heap:
 PSYoungGen      total 171520K, used 22787K [0x00000000d5580000, 0x00000000e4180000, 0x0000000100000000)
  eden space 158720K, 6% used [0x00000000d5580000,0x00000000d6048288,0x00000000df080000)
  from space 12800K, 91% used [0x00000000df080000,0x00000000dfbf8c48,0x00000000dfd00000)
  to   space 13824K, 0% used [0x00000000e3400000,0x00000000e3400000,0x00000000e4180000)
 ParOldGen       total 92160K, used 13335K [0x0000000080000000, 0x0000000085a00000, 0x00000000d5580000)
  object space 92160K, 14% used [0x0000000080000000,0x0000000080d05e20,0x0000000085a00000)
 Metaspace       used 41220K, capacity 43176K, committed 43480K, reserved 1087488K
  class space    used 5665K, capacity 6076K, committed 6144K, reserved 1048576K
GC Heap History (10 events):
Event: 16.132 GC heap before
{Heap before GC invocations=7 (full 1):
 PSYoungGen      total 57344K, used 49152K [0x00000000d5580000, 0x00000000dcb80000, 0x0000000100000000)
  eden space 49152K, 100% used [0x00000000d5580000,0x00000000d8580000,0x00000000d8580000)
  from space 8192K, 0% used [0x00000000d8580000,0x00000000d8580000,0x00000000d8d80000)
  to   space 11264K, 0% used [0x00000000dc080000,0x00000000dc080000,0x00000000dcb80000)
 ParOldGen       total 66048K, used 7412K [0x0000000080000000, 0x0000000084080000, 0x00000000d5580000)
  object space 66048K, 11% used [0x0000000080000000,0x000000008073d1a8,0x0000000084080000)
 Metaspace       used 23165K, capacity 24154K, committed 24320K, reserved 1071104K
  class space    used 3280K, capacity 3525K, committed 3584K, reserved 1048576K
Event: 16.149 GC heap after
Heap after GC invocations=7 (full 1):
 PSYoungGen      total 94208K, used 4028K [0x00000000d5580000, 0x00000000dc480000, 0x0000000100000000)
  eden space 90112K, 0% used [0x00000000d5580000,0x00000000d5580000,0x00000000dad80000)
  from space 4096K, 98% used [0x00000000dc080000,0x00000000dc46f128,0x00000000dc480000)
  to   space 11776K, 0% used [0x00000000dad80000,0x00000000dad80000,0x00000000db900000)
 ParOldGen       total 66048K, used 7420K [0x0000000080000000, 0x0000000084080000, 0x00000000d5580000)
  object space 66048K, 11% used [0x0000000080000000,0x000000008073f1a8,0x0000000084080000)
 Metaspace       used 23165K, capacity 24154K, committed 24320K, reserved 1071104K
  class space    used 3280K, capacity 3525K, committed 3584K, reserved 1048576K
}
Event: 21.755 GC heap before
{Heap before GC invocations=8 (full 1):
 PSYoungGen      total 94208K, used 94140K [0x00000000d5580000, 0x00000000dc480000, 0x0000000100000000)
  eden space 90112K, 100% used [0x00000000d5580000,0x00000000dad80000,0x00000000dad80000)
  from space 4096K, 98% used [0x00000000dc080000,0x00000000dc46f128,0x00000000dc480000)
  to   space 11776K, 0% used [0x00000000dad80000,0x00000000dad80000,0x00000000db900000)
 ParOldGen       total 66048K, used 7420K [0x0000000080000000, 0x0000000084080000, 0x00000000d5580000)
  object space 66048K, 11% used [0x0000000080000000,0x000000008073f1a8,0x0000000084080000)
 Metaspace       used 33015K, capacity 34174K, committed 34304K, reserved 1079296K
  class space    used 4477K, capacity 4786K, committed 4864K, reserved 1048576K
Event: 21.787 GC heap after
Heap after GC invocations=8 (full 1):
 PSYoungGen      total 101888K, used 11426K [0x00000000d5580000, 0x00000000e0d80000, 0x0000000100000000)
  eden space 90112K, 0% used [0x00000000d5580000,0x00000000d5580000,0x00000000dad80000)
  from space 11776K, 97% used [0x00000000dad80000,0x00000000db8a8aa8,0x00000000db900000)
  to   space 13312K, 0% used [0x00000000e0080000,0x00000000e0080000,0x00000000e0d80000)
 ParOldGen       total 66048K, used 7428K [0x0000000080000000, 0x0000000084080000, 0x00000000d5580000)
  object space 66048K, 11% used [0x0000000080000000,0x00000000807411a8,0x0000000084080000)
 Metaspace       used 33015K, capacity 34174K, committed 34304K, reserved 1079296K
  class space    used 4477K, capacity 4786K, committed 4864K, reserved 1048576K
}
Event: 24.003 GC heap before
{Heap before GC invocations=9 (full 1):
 PSYoungGen      total 101888K, used 30870K [0x00000000d5580000, 0x00000000e0d80000, 0x0000000100000000)
  eden space 90112K, 21% used [0x00000000d5580000,0x00000000d687d0b0,0x00000000dad80000)
  from space 11776K, 97% used [0x00000000dad80000,0x00000000db8a8aa8,0x00000000db900000)
  to   space 13312K, 0% used [0x00000000e0080000,0x00000000e0080000,0x00000000e0d80000)
 ParOldGen       total 66048K, used 7428K [0x0000000080000000, 0x0000000084080000, 0x00000000d5580000)
  object space 66048K, 11% used [0x0000000080000000,0x00000000807411a8,0x0000000084080000)
 Metaspace       used 33985K, capacity 35276K, committed 35416K, reserved 1079296K
  class space    used 4577K, capacity 4909K, committed 4992K, reserved 1048576K
Event: 24.018 GC heap after
Heap after GC invocations=9 (full 1):
 PSYoungGen      total 167936K, used 7166K [0x00000000d5580000, 0x00000000e0980000, 0x0000000100000000)
  eden space 158720K, 0% used [0x00000000d5580000,0x00000000d5580000,0x00000000df080000)
  from space 9216K, 77% used [0x00000000e0080000,0x00000000e077fb50,0x00000000e0980000)
  to   space 12800K, 0% used [0x00000000df080000,0x00000000df080000,0x00000000dfd00000)
 ParOldGen       total 66048K, used 7436K [0x0000000080000000, 0x0000000084080000, 0x00000000d5580000)
  object space 66048K, 11% used [0x0000000080000000,0x00000000807431a8,0x0000000084080000)
 Metaspace       used 33985K, capacity 35276K, committed 35416K, reserved 1079296K
  class space    used 4577K, capacity 4909K, committed 4992K, reserved 1048576K
}
Event: 24.018 GC heap before
{Heap before GC invocations=10 (full 2):
 PSYoungGen      total 167936K, used 7166K [0x00000000d5580000, 0x00000000e0980000, 0x0000000100000000)
  eden space 158720K, 0% used [0x00000000d5580000,0x00000000d5580000,0x00000000df080000)
  from space 9216K, 77% used [0x00000000e0080000,0x00000000e077fb50,0x00000000e0980000)
  to   space 12800K, 0% used [0x00000000df080000,0x00000000df080000,0x00000000dfd00000)
 ParOldGen       total 66048K, used 7436K [0x0000000080000000, 0x0000000084080000, 0x00000000d5580000)
  object space 66048K, 11% used [0x0000000080000000,0x00000000807431a8,0x0000000084080000)
 Metaspace       used 33985K, capacity 35276K, committed 35416K, reserved 1079296K
  class space    used 4577K, capacity 4909K, committed 4992K, reserved 1048576K
Event: 24.196 GC heap after
Heap after GC invocations=10 (full 2):
 PSYoungGen      total 167936K, used 0K [0x00000000d5580000, 0x00000000e0980000, 0x0000000100000000)
  eden space 158720K, 0% used [0x00000000d5580000,0x00000000d5580000,0x00000000df080000)
  from space 9216K, 0% used [0x00000000e0080000,0x00000000e0080000,0x00000000e0980000)
  to   space 12800K, 0% used [0x00000000df080000,0x00000000df080000,0x00000000dfd00000)
 ParOldGen       total 92160K, used 13335K [0x0000000080000000, 0x0000000085a00000, 0x00000000d5580000)
  object space 92160K, 14% used [0x0000000080000000,0x0000000080d05e20,0x0000000085a00000)
 Metaspace       used 33985K, capacity 35276K, committed 35416K, reserved 1079296K
  class space    used 4577K, capacity 4909K, committed 4992K, reserved 1048576K
}
Event: 30.480 GC heap before
{Heap before GC invocations=11 (full 2):
 PSYoungGen      total 167936K, used 158720K [0x00000000d5580000, 0x00000000e0980000, 0x0000000100000000)
  eden space 158720K, 100% used [0x00000000d5580000,0x00000000df080000,0x00000000df080000)
  from space 9216K, 0% used [0x00000000e0080000,0x00000000e0080000,0x00000000e0980000)
  to   space 12800K, 0% used [0x00000000df080000,0x00000000df080000,0x00000000dfd00000)
 ParOldGen       total 92160K, used 13335K [0x0000000080000000, 0x0000000085a00000, 0x00000000d5580000)
  object space 92160K, 14% used [0x0000000080000000,0x0000000080d05e20,0x0000000085a00000)
 Metaspace       used 40065K, capacity 41988K, committed 42328K, reserved 1085440K
  class space    used 5507K, capacity 5900K, committed 6016K, reserved 1048576K
Event: 30.500 GC heap after
Heap after GC invocations=11 (full 2):
 PSYoungGen      total 171520K, used 11747K [0x00000000d5580000, 0x00000000e4180000, 0x0000000100000000)
  eden space 158720K, 0% used [0x00000000d5580000,0x00000000d5580000,0x00000000df080000)
  from space 12800K, 91% used [0x00000000df080000,0x00000000dfbf8c48,0x00000000dfd00000)
  to   space 13824K, 0% used [0x00000000e3400000,0x00000000e3400000,0x00000000e4180000)
 ParOldGen       total 92160K, used 13335K [0x0000000080000000, 0x0000000085a00000, 0x00000000d5580000)
  object space 92160K, 14% used [0x0000000080000000,0x0000000080d05e20,0x0000000085a00000)
 Metaspace       used 40065K, capacity 41988K, committed 42328K, reserved 1085440K
  class space    used 5507K, capacity 5900K, committed 6016K, reserved 1048576K
}

